\BOOKMARK [0][-]{chapter.1}{Introdu\347\343o}{}% 1
\BOOKMARK [1][-]{section.1.1}{Organiza\347\343o do Trabalho}{chapter.1}% 2
\BOOKMARK [1][-]{section.1.2}{Objetivo}{chapter.1}% 3
\BOOKMARK [0][-]{chapter.2}{Fundamenta\347\343o Te\363rica}{}% 4
\BOOKMARK [1][-]{section.2.1}{O Som}{chapter.2}% 5
\BOOKMARK [1][-]{section.2.2}{Frequ\352ncia Fundamental}{chapter.2}% 6
\BOOKMARK [1][-]{section.2.3}{Pitch}{chapter.2}% 7
\BOOKMARK [1][-]{section.2.4}{Detec\347\343o Autom\341tica de f0}{chapter.2}% 8
\BOOKMARK [1][-]{section.2.5}{Digitaliza\347\343o de um Sinal de Som}{chapter.2}% 9
\BOOKMARK [2][-]{subsection.2.5.1}{Amostragem}{section.2.5}% 10
\BOOKMARK [2][-]{subsection.2.5.2}{Quantiza\347\343o}{section.2.5}% 11
\BOOKMARK [2][-]{subsection.2.5.3}{Codifica\347\343o}{section.2.5}% 12
\BOOKMARK [1][-]{section.2.6}{Notas Musicais}{chapter.2}% 13
\BOOKMARK [1][-]{section.2.7}{Resson\342ncia}{chapter.2}% 14
\BOOKMARK [1][-]{section.2.8}{Dom\355nios}{chapter.2}% 15
\BOOKMARK [1][-]{section.2.9}{Transformada de Fourier}{chapter.2}% 16
\BOOKMARK [1][-]{section.2.10}{Transformada Discreta de Fourier}{chapter.2}% 17
\BOOKMARK [1][-]{section.2.11}{Transformada R\341pida de Fourier}{chapter.2}% 18
\BOOKMARK [1][-]{section.2.12}{Transformada de Fourier de Tempo Curto}{chapter.2}% 19
\BOOKMARK [1][-]{section.2.13}{Espectrograma}{chapter.2}% 20
\BOOKMARK [0][-]{chapter.3}{Sistema Proposto}{}% 21
\BOOKMARK [1][-]{section.3.1}{Vis\343o geral}{chapter.3}% 22
\BOOKMARK [1][-]{section.3.2}{Bloco de Pr\351-Processamento}{chapter.3}% 23
\BOOKMARK [1][-]{section.3.3}{Bloco de Detec\347\343o de f0}{chapter.3}% 24
\BOOKMARK [1][-]{section.3.4}{Interface GUIDE}{chapter.3}% 25
\BOOKMARK [1][-]{section.3.5}{Constru\347\343o da Base de Dados}{chapter.3}% 26
\BOOKMARK [0][-]{chapter.4}{Experimentos}{}% 27
\BOOKMARK [1][-]{section.4.1}{M\351tricas}{chapter.4}% 28
\BOOKMARK [1][-]{section.4.2}{Objetivos}{chapter.4}% 29
\BOOKMARK [1][-]{section.4.3}{Resultados Obtidos}{chapter.4}% 30
\BOOKMARK [2][-]{subsection.4.3.1}{Clarinete}{section.4.3}% 31
\BOOKMARK [3][-]{subsubsection.4.3.1.1}{Escala: Bb Maior}{subsection.4.3.1}% 32
\BOOKMARK [3][-]{subsubsection.4.3.1.2}{M\372sica: Agnus Dei}{subsection.4.3.1}% 33
\BOOKMARK [3][-]{subsubsection.4.3.1.3}{M\372sica: Super M\341rio Br\363s}{subsection.4.3.1}% 34
\BOOKMARK [2][-]{subsection.4.3.2}{Sax Alto}{section.4.3}% 35
\BOOKMARK [3][-]{subsubsection.4.3.2.1}{Escala: Eb Maior}{subsection.4.3.2}% 36
\BOOKMARK [3][-]{subsubsection.4.3.2.2}{M\372sica: Deus Cuida de Mim}{subsection.4.3.2}% 37
\BOOKMARK [3][-]{subsubsection.4.3.2.3}{M\372sica: Summertime}{subsection.4.3.2}% 38
\BOOKMARK [2][-]{subsection.4.3.3}{Piano Eletr\364nico}{section.4.3}% 39
\BOOKMARK [3][-]{subsubsection.4.3.3.1}{Escala: C Maior}{subsection.4.3.3}% 40
\BOOKMARK [3][-]{subsubsection.4.3.3.2}{M\372sica: Eu Navegarei}{subsection.4.3.3}% 41
\BOOKMARK [3][-]{subsubsection.4.3.3.3}{M\372sica: Skyfall}{subsection.4.3.3}% 42
\BOOKMARK [2][-]{subsection.4.3.4}{Viol\343o}{section.4.3}% 43
\BOOKMARK [3][-]{subsubsection.4.3.4.1}{Escala: C Maior}{subsection.4.3.4}% 44
\BOOKMARK [3][-]{subsubsection.4.3.4.2}{M\372sica: Nona Sinfonia}{subsection.4.3.4}% 45
\BOOKMARK [3][-]{subsubsection.4.3.4.3}{M\372sica: Deus de Abra\343o}{subsection.4.3.4}% 46
\BOOKMARK [1][-]{section.4.4}{Discuss\365es}{chapter.4}% 47
\BOOKMARK [0][-]{chapter.5}{Conclus\343o}{}% 48
\BOOKMARK [0][-]{chapter*.50}{Refer\352ncias Bibliogr\341ficas}{}% 49
